"lift-rfile"
"Iteration" "lift"
("Iteration" "lift")
1 1.420163
2 1.473869
3 1.488733
4 1.492927
5 1.50692
6 1.523186
7 1.543382
8 1.565399
9 1.587795
10 1.610322
11 1.631925
12 1.652495
13 1.671356
14 1.688143
15 1.702632
16 1.712211
17 1.71451
18 1.705757
19 1.684008
20 1.648862
21 1.602741
22 1.551878
23 1.506082
24 1.47596
25 1.467816
26 1.485446
27 1.5222
28 1.557231
29 1.589054
30 1.620505
31 1.649125
32 1.673551
33 1.693985
34 1.712064
35 1.728769
36 1.744338
37 1.758995
38 1.772853
39 1.786029
40 1.798498
41 1.810157
42 1.821052
43 1.831171
44 1.840546
45 1.849248
46 1.857339
47 1.864857
48 1.871854
49 1.878367
50 1.884474
51 1.890201
52 1.895571
53 1.900608
54 1.905326
55 1.909766
56 1.913942
57 1.917888
58 1.921629
59 1.925192
60 1.928606
61 1.931876
62 1.935014
63 1.938024
64 1.940912
65 1.943657
66 1.946303
67 1.948872
68 1.951338
69 1.953719
70 1.955994
71 1.958182
72 1.960286
73 1.962313
74 1.964264
75 1.966142
76 1.967945
77 1.96968
78 1.971348
79 1.972955
80 1.974517
81 1.976016
82 1.977451
83 1.978839
84 1.98018
85 1.981473
86 1.982727
87 1.983943
88 1.985119
89 1.986258
90 1.987364
91 1.988436
92 1.989473
93 1.990481
94 1.991461
95 1.992412
96 1.993332
97 1.994227
98 1.995097
99 1.995942
100 1.996762
101 1.997561
102 1.998338
103 1.999094
104 1.99983
105 2.000546
106 2.001242
107 2.001922
108 2.002585
109 2.00323
110 2.003861
111 2.004473
112 2.005073
113 2.00566
114 2.006232
115 2.006791
116 2.007338
117 2.007873
118 2.008395
119 2.008907
120 2.009405
121 2.009894
122 2.010375
123 2.010846
124 2.011308
125 2.011761
126 2.012206
127 2.012643
128 2.013071
129 2.013492
130 2.013907
131 2.014313
132 2.014713
133 2.015106
134 2.015494
135 2.015876
136 2.016251
137 2.01662
138 2.016986
139 2.017345
140 2.017699
141 2.018048
142 2.018392
143 2.018731
144 2.019066
145 2.019396
146 2.019722
147 2.020043
148 2.02036
149 2.020672
150 2.020982
151 2.021286
152 2.021587
153 2.021883
154 2.022175
155 2.022464
156 2.022749
157 2.023029
158 2.023305
159 2.023578
160 2.023847
161 2.024112
162 2.024372
163 2.024629
164 2.024881
165 2.02513
166 2.025375
167 2.025616
168 2.025853
169 2.026085
170 2.026314
171 2.026539
172 2.026759
173 2.026975
174 2.027188
175 2.027397
176 2.027601
177 2.027801
178 2.027996
179 2.028187
180 2.028375
181 2.028557
182 2.028736
183 2.02891
184 2.029081
185 2.029246
186 2.029408
187 2.029565
188 2.029718
189 2.029867
190 2.030013
191 2.030153
192 2.030291
193 2.030424
194 2.030553
195 2.030677
196 2.030799
197 2.030917
198 2.031031
199 2.031142
200 2.031249
201 2.031352
202 2.031452
203 2.031549
204 2.031643
205 2.031734
206 2.031821
207 2.031905
208 2.031987
209 2.032067
210 2.032144
211 2.032218
212 2.032289
213 2.03236
214 2.032427
215 2.032492
216 2.032555
217 2.032616
218 2.032677
219 2.032734
220 2.032791
221 2.032846
222 2.032899
223 2.032952
224 2.033003
225 2.033053
226 2.033102
227 2.033149
228 2.033197
229 2.033243
230 2.033288
231 2.033332
232 2.033376
233 2.033419
234 2.033461
235 2.033504
236 2.033545
237 2.033587
238 2.033627
239 2.033667
240 2.033708
241 2.033746
242 2.033786
243 2.033825
244 2.033864
245 2.033902
246 2.033939
247 2.033977
248 2.034015
249 2.034052
250 2.034088
251 2.034125
252 2.034162
253 2.034198
254 2.034233
255 2.034269
256 2.034305
257 2.034339
258 2.034373
259 2.034407
260 2.034442
261 2.034476
262 2.034509
263 2.034541
264 2.034574
265 2.034606
266 2.034637
267 2.034669
268 2.0347
269 2.03473
270 2.03476
271 2.03479
272 2.034819
273 2.034847
274 2.034876
275 2.034904
276 2.034931
277 2.034958
278 2.034984
279 2.03501
280 2.035036
281 2.035061
282 2.035085
283 2.035109
284 2.035133
285 2.035156
286 2.035178
287 2.035201
288 2.035222
289 2.035244
290 2.035264
291 2.035285
292 2.035304
293 2.035324
294 2.035343
295 2.035362
296 2.03538
297 2.035399
298 2.035416
299 2.035433
300 2.03545
301 2.035466
302 2.035482
303 2.035497
304 2.035512
305 2.035527
306 2.035542
307 2.035556
308 2.03557
309 2.035583
310 2.035596
311 2.03561
312 2.035622
313 2.035634
314 2.035646
315 2.035658
316 2.035669
317 2.035682
318 2.035692
319 2.035704
320 2.035713
321 2.035724
322 2.035734
323 2.035744
324 2.035753
325 2.035762
326 2.035771
327 2.03578
328 2.035789
329 2.035797
330 2.035806
331 2.035814
332 2.035823
333 2.03583
334 2.035837
335 2.035845
336 2.035852
337 2.035859
338 2.035867
339 2.035873
340 2.03588
341 2.035886
342 2.035892
343 2.035899
344 2.035905
345 2.035911
346 2.035917
347 2.035923
348 2.035928
349 2.035934
350 2.03594
351 2.035945
352 2.03595
353 2.035955
354 2.03596
355 2.035965
356 2.03597
357 2.035975
358 2.035979
359 2.035984
360 2.035988
361 2.035992
362 2.035997
363 2.036
364 2.036004
365 2.036008
366 2.036012
367 2.036016
368 2.036019
369 2.036023
370 2.036026
371 2.03603
372 2.036033
373 2.036036
374 2.036039
375 2.036042
376 2.036046
377 2.036049
378 2.036052
379 2.036055
380 2.036057
381 2.03606
382 2.036063
383 2.036066
384 2.036069
385 2.036071
386 2.036073
387 2.036075
388 2.036077
389 2.036079
390 2.036082
391 2.036084
392 2.036086
393 2.036089
394 2.036091
395 2.036093
396 2.036094
397 2.036096
398 2.036098
399 2.0361
400 2.036102
401 2.036104
402 2.036106
403 2.036107
404 2.036109
405 2.036111
406 2.036113
407 2.036114
408 2.036115
409 2.036117
410 2.036118
411 2.03612
412 2.036121
413 2.036123
414 2.036124
415 2.036125
416 2.036127
417 2.036129
418 2.03613
419 2.03613
420 2.036132
421 2.036133
422 2.036134
423 2.036135
424 2.036137
425 2.036138
426 2.036139
427 2.03614
428 2.036141
429 2.036142
430 2.036143
431 2.036144
432 2.036145
433 2.036146
434 2.036147
435 2.036148
436 2.036149
437 2.03615
438 2.036151
439 2.036152
440 2.036153
441 2.036153
442 2.036154
443 2.036155
444 2.036156
445 2.036156
446 2.036157
447 2.036158
448 2.036159
449 2.03616
450 2.03616
451 2.036161
452 2.036162
453 2.036163
454 2.036164
455 2.036165
456 2.036165
457 2.036165
458 2.036166
459 2.036167
460 2.036167
461 2.036168
462 2.036168
463 2.036169
464 2.036169
465 2.03617
466 2.03617
467 2.036171
468 2.036171
469 2.036172
470 2.036172
471 2.036173
472 2.036173
473 2.036174
474 2.036174
475 2.036175
476 2.036175
477 2.036175
478 2.036176
479 2.036176
480 2.036176
481 2.036177
482 2.036177
483 2.036178
484 2.036178
485 2.036178
486 2.036179
487 2.036179
488 2.03618
489 2.03618
490 2.03618
491 2.036181
492 2.036181
493 2.036181
494 2.036182
495 2.036182
496 2.036183
497 2.036182
498 2.036183
499 2.036183
500 2.036184
501 2.036184
502 2.036185
503 2.036185
504 2.036185
505 2.036185
506 2.036186
507 2.036186
508 2.036186
509 2.036186
510 2.036186
511 2.036187
512 2.036186
513 2.036187
514 2.036187
515 2.036187
516 2.036187
517 2.036187
518 2.036188
519 2.036188
520 2.036188
521 2.036188
522 2.036188
523 2.036188
524 2.036189
525 2.036189
526 2.036189
527 2.036189
528 2.036189
529 2.036189
530 2.036189
531 2.036189
532 2.03619
533 2.03619
534 2.03619
535 2.03619
536 2.03619
537 2.03619
538 2.036191
539 2.03619
540 2.03619
541 2.036191
542 2.03619
543 2.03619
544 2.03619
545 2.036191
546 2.036191
547 2.036191
548 2.036191
549 2.036191
550 2.036191
551 2.036191
552 2.036191
553 2.036191
554 2.036191
555 2.036191
556 2.036191
557 2.036191
558 2.036192
559 2.036192
560 2.036192
561 2.036191
562 2.036191
563 2.036191
564 2.036191
565 2.036191
566 2.036191
567 2.036191
568 2.036191
569 2.036192
570 2.036192
571 2.036192
572 2.036192
573 2.036192
574 2.036192
575 2.036192
576 2.036192
577 2.036192
578 2.036192
579 2.036192
580 2.036192
581 2.036191
582 2.036192
583 2.036192
584 2.036192
585 2.036192
586 2.036192
587 2.036192
588 2.036192
589 2.036192
590 2.036192
591 2.036192
592 2.036192
593 2.036192
594 2.036192
595 2.036192
596 2.036192
597 2.036192
598 2.036192
599 2.036192
600 2.036192
601 2.036192
602 2.036192
603 2.036192
604 2.036192
605 2.036192
606 2.036192
607 2.036192
608 2.036192
609 2.036192
610 2.036192
611 2.036192
612 2.036192
613 2.036193
614 2.036192
615 2.036192
616 2.036192
617 2.036192
618 2.036192
619 2.036192
620 2.036192
621 2.036192
622 2.036192
623 2.036192
624 2.036192
625 2.036192
626 2.036192
627 2.036192
628 2.036192
629 2.036192
630 2.036192
631 2.036192
632 2.036192
633 2.036192
634 2.036192
635 2.036192
636 2.036192
637 2.036192
638 2.036192
639 2.036192
640 2.036192
641 2.036192
642 2.036192
643 2.036192
644 2.036192
645 2.036192
646 2.036192
647 2.036192
648 2.036192
649 2.036193
650 2.036193
651 2.036193
652 2.036193
653 2.036193
654 2.036193
655 2.036193
656 2.036193
657 2.036193
658 2.036193
659 2.036193
660 2.036192
661 2.036193
662 2.036193
663 2.036193
